<?xml version="1.0" encoding="UTF-8"?>
<!-- Generated by org.testng.reporters.JUnitReportReporter -->
<testsuite hostname="libingxindeMacBook-Pro.local" name="zerozero.com.preorder.test.AppTest" tests="1" failures="0" timestamp="22 Mar 2016 09:57:15 GMT" time="0.001" errors="0">
  <testcase name="testApp" time="0.001" classname="zerozero.com.preorder.test.AppTest"/>
</testsuite> <!-- zerozero.com.preorder.test.AppTest -->
